  psg.c
  pwm.c
  sound.c
e:\framed\vgmplayer\vgmplayerlib\sound.c(101): warning C4013: 'memset' undefined; assuming extern returning int
e:\framed\vgmplayer\vgmplayerlib\sound.c(206): warning C4013: 'memcpy' undefined; assuming extern returning int
e:\framed\vgmplayer\vgmplayerlib\sound.c(164): warning C4244: 'initializing': conversion from 'float' to 'int', possible loss of data
e:\framed\vgmplayer\vgmplayerlib\sound.c(290): warning C4018: '>': signed/unsigned mismatch
e:\framed\vgmplayer\vgmplayerlib\sound.c(315): warning C4013: 'Clear_Sound_Buffer' undefined; assuming extern returning int
e:\framed\vgmplayer\vgmplayerlib\sound.c(612): warning C4020: 'DirectSoundSoundBuffer_Lock': too many actual parameters
e:\framed\vgmplayer\vgmplayerlib\sound.c(622): warning C4020: 'DirectSoundSoundBuffer_Unlock': too many actual parameters
e:\framed\vgmplayer\vgmplayerlib\sound.c(601): warning C4101: 'rval': unreferenced local variable
e:\framed\vgmplayer\vgmplayerlib\sound.c(643): warning C4020: 'DirectSoundSoundBuffer_Lock': too many actual parameters
e:\framed\vgmplayer\vgmplayerlib\sound.c(651): warning C4020: 'DirectSoundSoundBuffer_Unlock': too many actual parameters
e:\framed\vgmplayer\vgmplayerlib\sound.c(703): warning C4013: 'strcpy' undefined; assuming extern returning int
e:\framed\vgmplayer\vgmplayerlib\sound.c(704): warning C4013: 'strcat' undefined; assuming extern returning int
e:\framed\vgmplayer\vgmplayerlib\sound.c(706): warning C4013: 'waveCreateWave' undefined; assuming extern returning int
e:\framed\vgmplayer\vgmplayerlib\sound.c(712): warning C4013: 'waveStartDataWrite' undefined; assuming extern returning int
e:\framed\vgmplayer\vgmplayerlib\sound.c(739): warning C4013: 'waveWriteFile' undefined; assuming extern returning int
e:\framed\vgmplayer\vgmplayerlib\sound.c(727): warning C4101: 'Writted': unreferenced local variable
e:\framed\vgmplayer\vgmplayerlib\sound.c(757): warning C4013: 'waveCloseWriteFile' undefined; assuming extern returning int
e:\framed\vgmplayer\vgmplayerlib\sound.c(826): warning C4013: 'YM2612_Save' undefined; assuming extern returning int
e:\framed\vgmplayer\vgmplayerlib\sound.c(833): warning C4267: '=': conversion from 'size_t' to 'unsigned long', possible loss of data
e:\framed\vgmplayer\vgmplayerlib\sound.c(839): warning C4267: '=': conversion from 'size_t' to 'unsigned long', possible loss of data
e:\framed\vgmplayer\vgmplayerlib\sound.c(848): warning C4267: '=': conversion from 'size_t' to 'unsigned long', possible loss of data
e:\framed\vgmplayer\vgmplayerlib\sound.c(854): warning C4267: '=': conversion from 'size_t' to 'unsigned long', possible loss of data
e:\framed\vgmplayer\vgmplayerlib\sound.c(861): warning C4267: '=': conversion from 'size_t' to 'unsigned long', possible loss of data
e:\framed\vgmplayer\vgmplayerlib\sound.c(867): warning C4267: '=': conversion from 'size_t' to 'unsigned long', possible loss of data
e:\framed\vgmplayer\vgmplayerlib\sound.c(874): warning C4267: '=': conversion from 'size_t' to 'unsigned long', possible loss of data
e:\framed\vgmplayer\vgmplayerlib\sound.c(768): warning C4101: 'Name2': unreferenced local variable
e:\framed\vgmplayer\vgmplayerlib\sound.c(771): warning C4101: 'j': unreferenced local variable
e:\framed\vgmplayer\vgmplayerlib\sound.c(958): warning C4013: 'YM2612_Init' undefined; assuming extern returning int
e:\framed\vgmplayer\vgmplayerlib\sound.c(959): warning C4013: 'PSG_Init' undefined; assuming extern returning int
e:\framed\vgmplayer\vgmplayerlib\sound.c(1002): warning C4267: '=': conversion from 'size_t' to 'unsigned long', possible loss of data
e:\framed\vgmplayer\vgmplayerlib\sound.c(1009): warning C4013: 'PSG_Update' undefined; assuming extern returning int
e:\framed\vgmplayer\vgmplayerlib\sound.c(1010): warning C4013: 'YM2612_Update' undefined; assuming extern returning int
e:\framed\vgmplayer\vgmplayerlib\sound.c(1014): warning C4267: '=': conversion from 'size_t' to 'unsigned long', possible loss of data
e:\framed\vgmplayer\vgmplayerlib\sound.c(1016): warning C4013: 'YM2612_Write' undefined; assuming extern returning int
e:\framed\vgmplayer\vgmplayerlib\sound.c(1018): warning C4267: '=': conversion from 'size_t' to 'unsigned long', possible loss of data
e:\framed\vgmplayer\vgmplayerlib\sound.c(1024): warning C4267: '=': conversion from 'size_t' to 'unsigned long', possible loss of data
e:\framed\vgmplayer\vgmplayerlib\sound.c(1028): warning C4267: '=': conversion from 'size_t' to 'unsigned long', possible loss of data
e:\framed\vgmplayer\vgmplayerlib\sound.c(1034): warning C4267: '=': conversion from 'size_t' to 'unsigned long', possible loss of data
e:\framed\vgmplayer\vgmplayerlib\sound.c(1036): warning C4013: 'PSG_Write' undefined; assuming extern returning int
e:\framed\vgmplayer\vgmplayerlib\sound.c(1123): warning C4133: 'function': incompatible types - from 'char [4]' to 'FILE *'
e:\framed\vgmplayer\vgmplayerlib\sound.c(1123): warning C4020: 'fwrite': too many actual parameters
e:\framed\vgmplayer\vgmplayerlib\sound.c(1096): warning C4101: 'l2': unreferenced local variable
e:\framed\vgmplayer\vgmplayerlib\sound.c(1094): warning C4101: 'bResult': unreferenced local variable
  wave.c
e:\framed\vgmplayer\vgmplayerlib\wave.c(161): warning C4090: 'function': different 'const' qualifiers
e:\framed\vgmplayer\vgmplayerlib\wave.c(125): warning C4101: 'j': unreferenced local variable
e:\framed\vgmplayer\vgmplayerlib\wave.c(125): warning C4101: 'i': unreferenced local variable
  ym2612.c
  Generating Code...
e:\framed\vgmplayer\vgmplayerlib\wave.c(110): warning C4716: 'waveCloseWriteFile': must return a value
  VGMPlayerLib.vcxproj -> E:\Framed\VGMPlayer\x64\Debug\VGMPlayerLib.lib
