  adler32.c
  compress.c
  crc32.c
  deflate.c
  gzclose.c
  gzlib.c
  gzread.c
e:\project\vgmplayer\software\zlib\gzread.c(319): warning C4267: '=': conversion from 'size_t' to 'unsigned int', possible loss of data
e:\project\vgmplayer\software\zlib\gzread.c(400): warning C4267: '=': conversion from 'size_t' to 'unsigned int', possible loss of data
e:\project\vgmplayer\software\zlib\gzread.c(472): warning C4267: '=': conversion from 'size_t' to 'int', possible loss of data
  gzwrite.c
e:\project\vgmplayer\software\zlib\gzwrite.c(212): warning C4267: '=': conversion from 'size_t' to 'unsigned int', possible loss of data
e:\project\vgmplayer\software\zlib\gzwrite.c(232): warning C4267: '=': conversion from 'size_t' to 'unsigned int', possible loss of data
e:\project\vgmplayer\software\zlib\gzwrite.c(371): warning C4267: '=': conversion from 'size_t' to 'int', possible loss of data
  infback.c
  inffast.c
  inflate.c
  inftrees.c
  trees.c
  uncompr.c
  zutil.c
  Generating Code...
  zlib.vcxproj -> E:\Project\VGMPlayer\Software\x64\Debug\zlib.lib
