e:\project\vgmplayer\software\zlib\x64\release\zlib.pdb
e:\project\vgmplayer\software\zlib\x64\release\zutil.obj
e:\project\vgmplayer\software\zlib\x64\release\uncompr.obj
e:\project\vgmplayer\software\zlib\x64\release\trees.obj
e:\project\vgmplayer\software\zlib\x64\release\inftrees.obj
e:\project\vgmplayer\software\zlib\x64\release\inflate.obj
e:\project\vgmplayer\software\zlib\x64\release\inffast.obj
e:\project\vgmplayer\software\zlib\x64\release\infback.obj
e:\project\vgmplayer\software\zlib\x64\release\gzwrite.obj
e:\project\vgmplayer\software\zlib\x64\release\gzread.obj
e:\project\vgmplayer\software\zlib\x64\release\gzlib.obj
e:\project\vgmplayer\software\zlib\x64\release\gzclose.obj
e:\project\vgmplayer\software\zlib\x64\release\deflate.obj
e:\project\vgmplayer\software\zlib\x64\release\crc32.obj
e:\project\vgmplayer\software\zlib\x64\release\compress.obj
e:\project\vgmplayer\software\zlib\x64\release\adler32.obj
e:\project\vgmplayer\software\x64\release\zlib.lib
e:\project\vgmplayer\software\zlib\x64\release\zlib.tlog\cl.command.1.tlog
e:\project\vgmplayer\software\zlib\x64\release\zlib.tlog\cl.read.1.tlog
e:\project\vgmplayer\software\zlib\x64\release\zlib.tlog\cl.write.1.tlog
e:\project\vgmplayer\software\zlib\x64\release\zlib.tlog\lib-link.read.1.tlog
e:\project\vgmplayer\software\zlib\x64\release\zlib.tlog\lib-link.write.1.tlog
e:\project\vgmplayer\software\zlib\x64\release\zlib.tlog\lib.command.1.tlog
