  ym2612.c
  wave.c
c:\project\vgmplayer\vgmplayerlib\wave.c(161): warning C4090: 'function': different 'const' qualifiers
c:\project\vgmplayer\vgmplayerlib\wave.c(125): warning C4101: 'j': unreferenced local variable
c:\project\vgmplayer\vgmplayerlib\wave.c(125): warning C4101: 'i': unreferenced local variable
  SoundDevice.c
  sound.c
c:\project\vgmplayer\vgmplayerlib\sound.c(42): warning C4013: 'Clear_Sound_Buffer' undefined; assuming extern returning int
c:\project\vgmplayer\vgmplayerlib\sound.c(114): warning C4013: 'memset' undefined; assuming extern returning int
c:\project\vgmplayer\vgmplayerlib\sound.c(60): warning C4101: 'rval': unreferenced local variable
c:\project\vgmplayer\vgmplayerlib\sound.c(239): warning C4101: 'dwBytes1': unreferenced local variable
c:\project\vgmplayer\vgmplayerlib\sound.c(240): warning C4101: 'rval': unreferenced local variable
c:\project\vgmplayer\vgmplayerlib\sound.c(238): warning C4101: 'lpvPtr1': unreferenced local variable
c:\project\vgmplayer\vgmplayerlib\sound.c(278): warning C4101: 'dwBytes1': unreferenced local variable
c:\project\vgmplayer\vgmplayerlib\sound.c(280): warning C4101: 'i': unreferenced local variable
c:\project\vgmplayer\vgmplayerlib\sound.c(279): warning C4101: 'rval': unreferenced local variable
c:\project\vgmplayer\vgmplayerlib\sound.c(277): warning C4101: 'lpvPtr1': unreferenced local variable
c:\project\vgmplayer\vgmplayerlib\sound.c(306): warning C4101: 'rval': unreferenced local variable
c:\project\vgmplayer\vgmplayerlib\sound.c(342): warning C4013: 'strcpy' undefined; assuming extern returning int
c:\project\vgmplayer\vgmplayerlib\sound.c(343): warning C4013: 'strcat' undefined; assuming extern returning int
c:\project\vgmplayer\vgmplayerlib\sound.c(345): warning C4013: 'waveCreateWave' undefined; assuming extern returning int
c:\project\vgmplayer\vgmplayerlib\sound.c(351): warning C4013: 'waveStartDataWrite' undefined; assuming extern returning int
c:\project\vgmplayer\vgmplayerlib\sound.c(378): warning C4013: 'waveWriteFile' undefined; assuming extern returning int
c:\project\vgmplayer\vgmplayerlib\sound.c(366): warning C4101: 'Writted': unreferenced local variable
c:\project\vgmplayer\vgmplayerlib\sound.c(396): warning C4013: 'waveCloseWriteFile' undefined; assuming extern returning int
c:\project\vgmplayer\vgmplayerlib\sound.c(465): warning C4013: 'YM2612_Save' undefined; assuming extern returning int
c:\project\vgmplayer\vgmplayerlib\sound.c(407): warning C4101: 'Name2': unreferenced local variable
c:\project\vgmplayer\vgmplayerlib\sound.c(410): warning C4101: 'j': unreferenced local variable
c:\project\vgmplayer\vgmplayerlib\sound.c(597): warning C4013: 'YM2612_Init' undefined; assuming extern returning int
c:\project\vgmplayer\vgmplayerlib\sound.c(598): warning C4013: 'PSG_Init' undefined; assuming extern returning int
c:\project\vgmplayer\vgmplayerlib\sound.c(648): warning C4013: 'PSG_Update' undefined; assuming extern returning int
c:\project\vgmplayer\vgmplayerlib\sound.c(649): warning C4013: 'YM2612_Update' undefined; assuming extern returning int
c:\project\vgmplayer\vgmplayerlib\sound.c(655): warning C4013: 'YM2612_Write' undefined; assuming extern returning int
c:\project\vgmplayer\vgmplayerlib\sound.c(675): warning C4013: 'PSG_Write' undefined; assuming extern returning int
c:\project\vgmplayer\vgmplayerlib\sound.c(757): warning C4133: 'function': incompatible types - from 'char [4]' to 'FILE *'
c:\project\vgmplayer\vgmplayerlib\sound.c(757): warning C4020: 'fwrite': too many actual parameters
c:\project\vgmplayer\vgmplayerlib\sound.c(730): warning C4101: 'l2': unreferenced local variable
c:\project\vgmplayer\vgmplayerlib\sound.c(728): warning C4101: 'bResult': unreferenced local variable
  pwm.c
  psg.c
  Generating Code...
c:\project\vgmplayer\vgmplayerlib\wave.c(110): warning C4716: 'waveCloseWriteFile': must return a value
  VGMPlayerLib.vcxproj -> C:\Project\VGMPlayer\Debug\VGMPlayerLib.lib
